Analysis & Synthesis report for arm
Fri Oct 27 19:10:48 2023
Quartus Prime Version 18.1.0 Build 625 09/12/2018 SJ Lite Edition


---------------------
; Table of Contents ;
---------------------
  1. Legal Notice
  2. Analysis & Synthesis Summary
  3. Analysis & Synthesis Settings
  4. Parallel Compilation
  5. Analysis & Synthesis Source Files Read
  6. Analysis & Synthesis Resource Usage Summary
  7. Analysis & Synthesis Resource Utilization by Entity
  8. General Register Statistics
  9. Multiplexer Restructuring Statistics (Restructuring Performed)
 10. Parameter Settings for User Entity Instance: controller:c|condlogic:cl|flopenr:flagreg1
 11. Parameter Settings for User Entity Instance: controller:c|condlogic:cl|flopenr:flagreg0
 12. Parameter Settings for User Entity Instance: datapath:dp|mux2:pcmux
 13. Parameter Settings for User Entity Instance: datapath:dp|flopr:pcreg
 14. Parameter Settings for User Entity Instance: datapath:dp|adder:pcadd1
 15. Parameter Settings for User Entity Instance: datapath:dp|adder:pcadd2
 16. Parameter Settings for User Entity Instance: datapath:dp|mux2:ra1mux
 17. Parameter Settings for User Entity Instance: datapath:dp|mux2:ra2mux
 18. Parameter Settings for User Entity Instance: datapath:dp|mux2:resmux
 19. Parameter Settings for User Entity Instance: datapath:dp|mux2:srcbmux
 20. Port Connectivity Checks: "datapath:dp|mux2:ra1mux"
 21. Port Connectivity Checks: "datapath:dp|adder:pcadd2"
 22. Port Connectivity Checks: "datapath:dp|adder:pcadd1"
 23. Post-Synthesis Netlist Statistics for Top Partition
 24. Elapsed Time Per Partition
 25. Analysis & Synthesis Messages
 26. Analysis & Synthesis Suppressed Messages



----------------
; Legal Notice ;
----------------
Copyright (C) 2018  Intel Corporation. All rights reserved.
Your use of Intel Corporation's design tools, logic functions 
and other software and tools, and its AMPP partner logic 
functions, and any output files from any of the foregoing 
(including device programming or simulation files), and any 
associated documentation or information are expressly subject 
to the terms and conditions of the Intel Program License 
Subscription Agreement, the Intel Quartus Prime License Agreement,
the Intel FPGA IP License Agreement, or other applicable license
agreement, including, without limitation, that your use is for
the sole purpose of programming logic devices manufactured by
Intel and sold by Intel or its authorized distributors.  Please
refer to the applicable agreement for further details.



+----------------------------------------------------------------------------------+
; Analysis & Synthesis Summary                                                     ;
+------------------------------------+---------------------------------------------+
; Analysis & Synthesis Status        ; Successful - Fri Oct 27 19:10:48 2023       ;
; Quartus Prime Version              ; 18.1.0 Build 625 09/12/2018 SJ Lite Edition ;
; Revision Name                      ; arm                                         ;
; Top-level Entity Name              ; arm                                         ;
; Family                             ; Cyclone IV E                                ;
; Total logic elements               ; 1,560                                       ;
;     Total combinational functions  ; 1,080                                       ;
;     Dedicated logic registers      ; 516                                         ;
; Total registers                    ; 516                                         ;
; Total pins                         ; 164                                         ;
; Total virtual pins                 ; 0                                           ;
; Total memory bits                  ; 0                                           ;
; Embedded Multiplier 9-bit elements ; 0                                           ;
; Total PLLs                         ; 0                                           ;
+------------------------------------+---------------------------------------------+


+------------------------------------------------------------------------------------------------------------+
; Analysis & Synthesis Settings                                                                              ;
+------------------------------------------------------------------+--------------------+--------------------+
; Option                                                           ; Setting            ; Default Value      ;
+------------------------------------------------------------------+--------------------+--------------------+
; Device                                                           ; EP4CE22F17C6       ;                    ;
; Top-level entity name                                            ; arm                ; arm                ;
; Family name                                                      ; Cyclone IV E       ; Cyclone V          ;
; Use smart compilation                                            ; Off                ; Off                ;
; Enable parallel Assembler and Timing Analyzer during compilation ; On                 ; On                 ;
; Enable compact report table                                      ; Off                ; Off                ;
; Restructure Multiplexers                                         ; Auto               ; Auto               ;
; Create Debugging Nodes for IP Cores                              ; Off                ; Off                ;
; Preserve fewer node names                                        ; On                 ; On                 ;
; Intel FPGA IP Evaluation Mode                                    ; Enable             ; Enable             ;
; Verilog Version                                                  ; Verilog_2001       ; Verilog_2001       ;
; VHDL Version                                                     ; VHDL_1993          ; VHDL_1993          ;
; State Machine Processing                                         ; Auto               ; Auto               ;
; Safe State Machine                                               ; Off                ; Off                ;
; Extract Verilog State Machines                                   ; On                 ; On                 ;
; Extract VHDL State Machines                                      ; On                 ; On                 ;
; Ignore Verilog initial constructs                                ; Off                ; Off                ;
; Iteration limit for constant Verilog loops                       ; 5000               ; 5000               ;
; Iteration limit for non-constant Verilog loops                   ; 250                ; 250                ;
; Add Pass-Through Logic to Inferred RAMs                          ; On                 ; On                 ;
; Infer RAMs from Raw Logic                                        ; On                 ; On                 ;
; Parallel Synthesis                                               ; On                 ; On                 ;
; DSP Block Balancing                                              ; Auto               ; Auto               ;
; NOT Gate Push-Back                                               ; On                 ; On                 ;
; Power-Up Don't Care                                              ; On                 ; On                 ;
; Remove Redundant Logic Cells                                     ; Off                ; Off                ;
; Remove Duplicate Registers                                       ; On                 ; On                 ;
; Ignore CARRY Buffers                                             ; Off                ; Off                ;
; Ignore CASCADE Buffers                                           ; Off                ; Off                ;
; Ignore GLOBAL Buffers                                            ; Off                ; Off                ;
; Ignore ROW GLOBAL Buffers                                        ; Off                ; Off                ;
; Ignore LCELL Buffers                                             ; Off                ; Off                ;
; Ignore SOFT Buffers                                              ; On                 ; On                 ;
; Limit AHDL Integers to 32 Bits                                   ; Off                ; Off                ;
; Optimization Technique                                           ; Balanced           ; Balanced           ;
; Carry Chain Length                                               ; 70                 ; 70                 ;
; Auto Carry Chains                                                ; On                 ; On                 ;
; Auto Open-Drain Pins                                             ; On                 ; On                 ;
; Perform WYSIWYG Primitive Resynthesis                            ; Off                ; Off                ;
; Auto ROM Replacement                                             ; On                 ; On                 ;
; Auto RAM Replacement                                             ; On                 ; On                 ;
; Auto DSP Block Replacement                                       ; On                 ; On                 ;
; Auto Shift Register Replacement                                  ; Auto               ; Auto               ;
; Allow Shift Register Merging across Hierarchies                  ; Auto               ; Auto               ;
; Auto Clock Enable Replacement                                    ; On                 ; On                 ;
; Strict RAM Replacement                                           ; Off                ; Off                ;
; Allow Synchronous Control Signals                                ; On                 ; On                 ;
; Force Use of Synchronous Clear Signals                           ; Off                ; Off                ;
; Auto RAM Block Balancing                                         ; On                 ; On                 ;
; Auto RAM to Logic Cell Conversion                                ; Off                ; Off                ;
; Auto Resource Sharing                                            ; Off                ; Off                ;
; Allow Any RAM Size For Recognition                               ; Off                ; Off                ;
; Allow Any ROM Size For Recognition                               ; Off                ; Off                ;
; Allow Any Shift Register Size For Recognition                    ; Off                ; Off                ;
; Use LogicLock Constraints during Resource Balancing              ; On                 ; On                 ;
; Ignore translate_off and synthesis_off directives                ; Off                ; Off                ;
; Timing-Driven Synthesis                                          ; On                 ; On                 ;
; Report Parameter Settings                                        ; On                 ; On                 ;
; Report Source Assignments                                        ; On                 ; On                 ;
; Report Connectivity Checks                                       ; On                 ; On                 ;
; Ignore Maximum Fan-Out Assignments                               ; Off                ; Off                ;
; Synchronization Register Chain Length                            ; 2                  ; 2                  ;
; Power Optimization During Synthesis                              ; Normal compilation ; Normal compilation ;
; HDL message level                                                ; Level2             ; Level2             ;
; Suppress Register Optimization Related Messages                  ; Off                ; Off                ;
; Number of Removed Registers Reported in Synthesis Report         ; 5000               ; 5000               ;
; Number of Swept Nodes Reported in Synthesis Report               ; 5000               ; 5000               ;
; Number of Inverted Registers Reported in Synthesis Report        ; 100                ; 100                ;
; Clock MUX Protection                                             ; On                 ; On                 ;
; Auto Gated Clock Conversion                                      ; Off                ; Off                ;
; Block Design Naming                                              ; Auto               ; Auto               ;
; SDC constraint protection                                        ; Off                ; Off                ;
; Synthesis Effort                                                 ; Auto               ; Auto               ;
; Shift Register Replacement - Allow Asynchronous Clear Signal     ; On                 ; On                 ;
; Pre-Mapping Resynthesis Optimization                             ; Off                ; Off                ;
; Analysis & Synthesis Message Level                               ; Medium             ; Medium             ;
; Disable Register Merging Across Hierarchies                      ; Auto               ; Auto               ;
; Resource Aware Inference For Block RAM                           ; On                 ; On                 ;
+------------------------------------------------------------------+--------------------+--------------------+


+------------------------------------------+
; Parallel Compilation                     ;
+----------------------------+-------------+
; Processors                 ; Number      ;
+----------------------------+-------------+
; Number detected on machine ; 20          ;
; Maximum allowed            ; 12          ;
;                            ;             ;
; Average used               ; 1.00        ;
; Maximum used               ; 12          ;
;                            ;             ;
; Usage by Processor         ; % Time Used ;
;     Processor 1            ; 100.0%      ;
;     Processor 2            ;   0.0%      ;
;     Processor 3            ;   0.0%      ;
;     Processor 4            ;   0.0%      ;
;     Processor 5            ;   0.0%      ;
;     Processor 6            ;   0.0%      ;
;     Processor 7            ;   0.0%      ;
;     Processor 8            ;   0.0%      ;
;     Processors 9-12        ;   0.0%      ;
+----------------------------+-------------+


+-----------------------------------------------------------------------------------------------------------------------------------------+
; Analysis & Synthesis Source Files Read                                                                                                  ;
+-------------------------------------+-----------------+------------------------------+----------------------------------------+---------+
; File Name with User-Entered Path    ; Used in Netlist ; File Type                    ; File Name with Absolute Path           ; Library ;
+-------------------------------------+-----------------+------------------------------+----------------------------------------+---------+
; arm.sv                              ; yes             ; User SystemVerilog HDL File  ; C:/Users/Agustin/Desktop/Prueba/arm.sv ;         ;
; /usersagustindesktopprueba/dmem.dat ; yes             ; Auto-Found Unspecified File  ; /usersagustindesktopprueba/dmem.dat    ;         ;
; mem_io.dat                          ; yes             ; Auto-Generated Megafunction  ; mem_io.dat                             ;         ;
+-------------------------------------+-----------------+------------------------------+----------------------------------------+---------+


+---------------------------------------------------------+
; Analysis & Synthesis Resource Usage Summary             ;
+---------------------------------------------+-----------+
; Resource                                    ; Usage     ;
+---------------------------------------------+-----------+
; Estimated Total logic elements              ; 1,560     ;
;                                             ;           ;
; Total combinational functions               ; 1080      ;
; Logic element usage by number of LUT inputs ;           ;
;     -- 4 input functions                    ; 775       ;
;     -- 3 input functions                    ; 209       ;
;     -- <=2 input functions                  ; 96        ;
;                                             ;           ;
; Logic elements by mode                      ;           ;
;     -- normal mode                          ; 989       ;
;     -- arithmetic mode                      ; 91        ;
;                                             ;           ;
; Total registers                             ; 516       ;
;     -- Dedicated logic registers            ; 516       ;
;     -- I/O registers                        ; 0         ;
;                                             ;           ;
; I/O pins                                    ; 164       ;
;                                             ;           ;
; Embedded Multiplier 9-bit elements          ; 0         ;
;                                             ;           ;
; Maximum fan-out node                        ; clk~input ;
; Maximum fan-out                             ; 516       ;
; Total fan-out                               ; 5791      ;
; Average fan-out                             ; 3.01      ;
+---------------------------------------------+-----------+


+---------------------------------------------------------------------------------------------------------------------------------------------------------------------------------------------------------------------------------------+
; Analysis & Synthesis Resource Utilization by Entity                                                                                                                                                                                   ;
+-----------------------------+---------------------+---------------------------+-------------+--------------+---------+-----------+------+--------------+-------------------------------------------------+-------------+--------------+
; Compilation Hierarchy Node  ; Combinational ALUTs ; Dedicated Logic Registers ; Memory Bits ; DSP Elements ; DSP 9x9 ; DSP 18x18 ; Pins ; Virtual Pins ; Full Hierarchy Name                             ; Entity Name ; Library Name ;
+-----------------------------+---------------------+---------------------------+-------------+--------------+---------+-----------+------+--------------+-------------------------------------------------+-------------+--------------+
; |arm                        ; 1080 (0)            ; 516 (0)                   ; 0           ; 0            ; 0       ; 0         ; 164  ; 0            ; |arm                                            ; arm         ; work         ;
;    |controller:c|           ; 18 (0)              ; 4 (0)                     ; 0           ; 0            ; 0       ; 0         ; 0    ; 0            ; |arm|controller:c                               ; controller  ; work         ;
;       |condlogic:cl|        ; 13 (7)              ; 4 (0)                     ; 0           ; 0            ; 0       ; 0         ; 0    ; 0            ; |arm|controller:c|condlogic:cl                  ; condlogic   ; work         ;
;          |condcheck:cc|     ; 6 (6)               ; 0 (0)                     ; 0           ; 0            ; 0       ; 0         ; 0    ; 0            ; |arm|controller:c|condlogic:cl|condcheck:cc     ; condcheck   ; work         ;
;          |flopenr:flagreg0| ; 0 (0)               ; 2 (2)                     ; 0           ; 0            ; 0       ; 0         ; 0    ; 0            ; |arm|controller:c|condlogic:cl|flopenr:flagreg0 ; flopenr     ; work         ;
;          |flopenr:flagreg1| ; 0 (0)               ; 2 (2)                     ; 0           ; 0            ; 0       ; 0         ; 0    ; 0            ; |arm|controller:c|condlogic:cl|flopenr:flagreg1 ; flopenr     ; work         ;
;       |decode:dec|          ; 5 (5)               ; 0 (0)                     ; 0           ; 0            ; 0       ; 0         ; 0    ; 0            ; |arm|controller:c|decode:dec                    ; decode      ; work         ;
;    |datapath:dp|            ; 1062 (0)            ; 512 (0)                   ; 0           ; 0            ; 0       ; 0         ; 0    ; 0            ; |arm|datapath:dp                                ; datapath    ; work         ;
;       |adder:pcadd1|        ; 30 (30)             ; 0 (0)                     ; 0           ; 0            ; 0       ; 0         ; 0    ; 0            ; |arm|datapath:dp|adder:pcadd1                   ; adder       ; work         ;
;       |adder:pcadd2|        ; 30 (30)             ; 0 (0)                     ; 0           ; 0            ; 0       ; 0         ; 0    ; 0            ; |arm|datapath:dp|adder:pcadd2                   ; adder       ; work         ;
;       |alu:alu|             ; 166 (166)           ; 0 (0)                     ; 0           ; 0            ; 0       ; 0         ; 0    ; 0            ; |arm|datapath:dp|alu:alu                        ; alu         ; work         ;
;       |flopr:pcreg|         ; 32 (32)             ; 32 (32)                   ; 0           ; 0            ; 0       ; 0         ; 0    ; 0            ; |arm|datapath:dp|flopr:pcreg                    ; flopr       ; work         ;
;       |mux2:ra1mux|         ; 4 (4)               ; 0 (0)                     ; 0           ; 0            ; 0       ; 0         ; 0    ; 0            ; |arm|datapath:dp|mux2:ra1mux                    ; mux2        ; work         ;
;       |mux2:ra2mux|         ; 4 (4)               ; 0 (0)                     ; 0           ; 0            ; 0       ; 0         ; 0    ; 0            ; |arm|datapath:dp|mux2:ra2mux                    ; mux2        ; work         ;
;       |mux2:resmux|         ; 2 (2)               ; 0 (0)                     ; 0           ; 0            ; 0       ; 0         ; 0    ; 0            ; |arm|datapath:dp|mux2:resmux                    ; mux2        ; work         ;
;       |mux2:srcbmux|        ; 58 (58)             ; 0 (0)                     ; 0           ; 0            ; 0       ; 0         ; 0    ; 0            ; |arm|datapath:dp|mux2:srcbmux                   ; mux2        ; work         ;
;       |regfile:rf|          ; 736 (736)           ; 480 (480)                 ; 0           ; 0            ; 0       ; 0         ; 0    ; 0            ; |arm|datapath:dp|regfile:rf                     ; regfile     ; work         ;
+-----------------------------+---------------------+---------------------------+-------------+--------------+---------+-----------+------+--------------+-------------------------------------------------+-------------+--------------+
Note: For table entries with two numbers listed, the numbers in parentheses indicate the number of resources of the given type used by the specific entity alone. The numbers listed outside of parentheses indicate the total resources of the given type used by the specific entity and all of its sub-entities in the hierarchy.


+------------------------------------------------------+
; General Register Statistics                          ;
+----------------------------------------------+-------+
; Statistic                                    ; Value ;
+----------------------------------------------+-------+
; Total registers                              ; 516   ;
; Number of registers using Synchronous Clear  ; 0     ;
; Number of registers using Synchronous Load   ; 30    ;
; Number of registers using Asynchronous Clear ; 36    ;
; Number of registers using Asynchronous Load  ; 0     ;
; Number of registers using Clock Enable       ; 486   ;
; Number of registers using Preset             ; 0     ;
+----------------------------------------------+-------+


+---------------------------------------------------------------------------------------------------------------------------------------------------+
; Multiplexer Restructuring Statistics (Restructuring Performed)                                                                                    ;
+--------------------+-----------+---------------+----------------------+------------------------+------------+-------------------------------------+
; Multiplexer Inputs ; Bus Width ; Baseline Area ; Area if Restructured ; Saving if Restructured ; Registered ; Example Multiplexer Output          ;
+--------------------+-----------+---------------+----------------------+------------------------+------------+-------------------------------------+
; 3:1                ; 13 bits   ; 26 LEs        ; 26 LEs               ; 0 LEs                  ; No         ; |arm|datapath:dp|mux2:srcbmux|y[21] ;
; 3:1                ; 2 bits    ; 4 LEs         ; 4 LEs                ; 0 LEs                  ; No         ; |arm|datapath:dp|mux2:srcbmux|y[1]  ;
; 3:1                ; 6 bits    ; 12 LEs        ; 12 LEs               ; 0 LEs                  ; No         ; |arm|datapath:dp|mux2:srcbmux|y[2]  ;
; 4:1                ; 32 bits   ; 64 LEs        ; 64 LEs               ; 0 LEs                  ; No         ; |arm|datapath:dp|alu:alu|Mux0       ;
; 4:1                ; 4 bits    ; 8 LEs         ; 8 LEs                ; 0 LEs                  ; No         ; |arm|datapath:dp|mux2:srcbmux|y[11] ;
+--------------------+-----------+---------------+----------------------+------------------------+------------+-------------------------------------+


+-----------------------------------------------------------------------------------------+
; Parameter Settings for User Entity Instance: controller:c|condlogic:cl|flopenr:flagreg1 ;
+----------------+-------+----------------------------------------------------------------+
; Parameter Name ; Value ; Type                                                           ;
+----------------+-------+----------------------------------------------------------------+
; WIDTH          ; 2     ; Signed Integer                                                 ;
+----------------+-------+----------------------------------------------------------------+
Note: In order to hide this table in the UI and the text report file, please set the "Show Parameter Settings in Synthesis Report" option in "Analysis and Synthesis Settings -> More Settings" to "Off".


+-----------------------------------------------------------------------------------------+
; Parameter Settings for User Entity Instance: controller:c|condlogic:cl|flopenr:flagreg0 ;
+----------------+-------+----------------------------------------------------------------+
; Parameter Name ; Value ; Type                                                           ;
+----------------+-------+----------------------------------------------------------------+
; WIDTH          ; 2     ; Signed Integer                                                 ;
+----------------+-------+----------------------------------------------------------------+
Note: In order to hide this table in the UI and the text report file, please set the "Show Parameter Settings in Synthesis Report" option in "Analysis and Synthesis Settings -> More Settings" to "Off".


+---------------------------------------------------------------------+
; Parameter Settings for User Entity Instance: datapath:dp|mux2:pcmux ;
+----------------+-------+--------------------------------------------+
; Parameter Name ; Value ; Type                                       ;
+----------------+-------+--------------------------------------------+
; WIDTH          ; 32    ; Signed Integer                             ;
+----------------+-------+--------------------------------------------+
Note: In order to hide this table in the UI and the text report file, please set the "Show Parameter Settings in Synthesis Report" option in "Analysis and Synthesis Settings -> More Settings" to "Off".


+----------------------------------------------------------------------+
; Parameter Settings for User Entity Instance: datapath:dp|flopr:pcreg ;
+----------------+-------+---------------------------------------------+
; Parameter Name ; Value ; Type                                        ;
+----------------+-------+---------------------------------------------+
; WIDTH          ; 32    ; Signed Integer                              ;
+----------------+-------+---------------------------------------------+
Note: In order to hide this table in the UI and the text report file, please set the "Show Parameter Settings in Synthesis Report" option in "Analysis and Synthesis Settings -> More Settings" to "Off".


+-----------------------------------------------------------------------+
; Parameter Settings for User Entity Instance: datapath:dp|adder:pcadd1 ;
+----------------+-------+----------------------------------------------+
; Parameter Name ; Value ; Type                                         ;
+----------------+-------+----------------------------------------------+
; WIDTH          ; 32    ; Signed Integer                               ;
+----------------+-------+----------------------------------------------+
Note: In order to hide this table in the UI and the text report file, please set the "Show Parameter Settings in Synthesis Report" option in "Analysis and Synthesis Settings -> More Settings" to "Off".


+-----------------------------------------------------------------------+
; Parameter Settings for User Entity Instance: datapath:dp|adder:pcadd2 ;
+----------------+-------+----------------------------------------------+
; Parameter Name ; Value ; Type                                         ;
+----------------+-------+----------------------------------------------+
; WIDTH          ; 32    ; Signed Integer                               ;
+----------------+-------+----------------------------------------------+
Note: In order to hide this table in the UI and the text report file, please set the "Show Parameter Settings in Synthesis Report" option in "Analysis and Synthesis Settings -> More Settings" to "Off".


+----------------------------------------------------------------------+
; Parameter Settings for User Entity Instance: datapath:dp|mux2:ra1mux ;
+----------------+-------+---------------------------------------------+
; Parameter Name ; Value ; Type                                        ;
+----------------+-------+---------------------------------------------+
; WIDTH          ; 4     ; Signed Integer                              ;
+----------------+-------+---------------------------------------------+
Note: In order to hide this table in the UI and the text report file, please set the "Show Parameter Settings in Synthesis Report" option in "Analysis and Synthesis Settings -> More Settings" to "Off".


+----------------------------------------------------------------------+
; Parameter Settings for User Entity Instance: datapath:dp|mux2:ra2mux ;
+----------------+-------+---------------------------------------------+
; Parameter Name ; Value ; Type                                        ;
+----------------+-------+---------------------------------------------+
; WIDTH          ; 4     ; Signed Integer                              ;
+----------------+-------+---------------------------------------------+
Note: In order to hide this table in the UI and the text report file, please set the "Show Parameter Settings in Synthesis Report" option in "Analysis and Synthesis Settings -> More Settings" to "Off".


+----------------------------------------------------------------------+
; Parameter Settings for User Entity Instance: datapath:dp|mux2:resmux ;
+----------------+-------+---------------------------------------------+
; Parameter Name ; Value ; Type                                        ;
+----------------+-------+---------------------------------------------+
; WIDTH          ; 32    ; Signed Integer                              ;
+----------------+-------+---------------------------------------------+
Note: In order to hide this table in the UI and the text report file, please set the "Show Parameter Settings in Synthesis Report" option in "Analysis and Synthesis Settings -> More Settings" to "Off".


+-----------------------------------------------------------------------+
; Parameter Settings for User Entity Instance: datapath:dp|mux2:srcbmux ;
+----------------+-------+----------------------------------------------+
; Parameter Name ; Value ; Type                                         ;
+----------------+-------+----------------------------------------------+
; WIDTH          ; 32    ; Signed Integer                               ;
+----------------+-------+----------------------------------------------+
Note: In order to hide this table in the UI and the text report file, please set the "Show Parameter Settings in Synthesis Report" option in "Analysis and Synthesis Settings -> More Settings" to "Off".


+-----------------------------------------------------+
; Port Connectivity Checks: "datapath:dp|mux2:ra1mux" ;
+------+-------+----------+---------------------------+
; Port ; Type  ; Severity ; Details                   ;
+------+-------+----------+---------------------------+
; d1   ; Input ; Info     ; Stuck at VCC              ;
+------+-------+----------+---------------------------+


+------------------------------------------------------+
; Port Connectivity Checks: "datapath:dp|adder:pcadd2" ;
+----------+-------+----------+------------------------+
; Port     ; Type  ; Severity ; Details                ;
+----------+-------+----------+------------------------+
; b[31..3] ; Input ; Info     ; Stuck at GND           ;
; b[1..0]  ; Input ; Info     ; Stuck at GND           ;
; b[2]     ; Input ; Info     ; Stuck at VCC           ;
+----------+-------+----------+------------------------+


+------------------------------------------------------+
; Port Connectivity Checks: "datapath:dp|adder:pcadd1" ;
+----------+-------+----------+------------------------+
; Port     ; Type  ; Severity ; Details                ;
+----------+-------+----------+------------------------+
; b[31..3] ; Input ; Info     ; Stuck at GND           ;
; b[1..0]  ; Input ; Info     ; Stuck at GND           ;
; b[2]     ; Input ; Info     ; Stuck at VCC           ;
+----------+-------+----------+------------------------+


+-----------------------------------------------------+
; Post-Synthesis Netlist Statistics for Top Partition ;
+-----------------------+-----------------------------+
; Type                  ; Count                       ;
+-----------------------+-----------------------------+
; boundary_port         ; 164                         ;
; cycloneiii_ff         ; 516                         ;
;     CLR SLD           ; 30                          ;
;     ENA               ; 480                         ;
;     ENA CLR           ; 6                           ;
; cycloneiii_lcell_comb ; 1080                        ;
;     arith             ; 91                          ;
;         2 data inputs ; 58                          ;
;         3 data inputs ; 33                          ;
;     normal            ; 989                         ;
;         0 data inputs ; 1                           ;
;         1 data inputs ; 2                           ;
;         2 data inputs ; 35                          ;
;         3 data inputs ; 176                         ;
;         4 data inputs ; 775                         ;
;                       ;                             ;
; Max LUT depth         ; 16.00                       ;
; Average LUT depth     ; 12.16                       ;
+-----------------------+-----------------------------+


+-------------------------------+
; Elapsed Time Per Partition    ;
+----------------+--------------+
; Partition Name ; Elapsed Time ;
+----------------+--------------+
; Top            ; 00:00:01     ;
+----------------+--------------+


+-------------------------------+
; Analysis & Synthesis Messages ;
+-------------------------------+
Info: *******************************************************************
Info: Running Quartus Prime Analysis & Synthesis
    Info: Version 18.1.0 Build 625 09/12/2018 SJ Lite Edition
    Info: Processing started: Fri Oct 27 19:10:41 2023
Info: Command: quartus_map --read_settings_files=on --write_settings_files=off arm -c arm
Warning (18236): Number of processors has not been specified which may cause overloading on shared machines.  Set the global assignment NUM_PARALLEL_PROCESSORS in your QSF to an appropriate value for best performance.
Info (20030): Parallel compilation is enabled and will use 12 of the 12 processors detected
Info (12021): Found 18 design units, including 18 entities, in source file arm.sv
    Info (12023): Found entity 1: top File: C:/Users/Agustin/Desktop/Prueba/arm.sv Line: 6
    Info (12023): Found entity 2: dmem File: C:/Users/Agustin/Desktop/Prueba/arm.sv Line: 27
    Info (12023): Found entity 3: imem File: C:/Users/Agustin/Desktop/Prueba/arm.sv Line: 43
    Info (12023): Found entity 4: arm File: C:/Users/Agustin/Desktop/Prueba/arm.sv Line: 54
    Info (12023): Found entity 5: controller File: C:/Users/Agustin/Desktop/Prueba/arm.sv Line: 78
    Info (12023): Found entity 6: decode File: C:/Users/Agustin/Desktop/Prueba/arm.sv Line: 100
    Info (12023): Found entity 7: condlogic File: C:/Users/Agustin/Desktop/Prueba/arm.sv Line: 157
    Info (12023): Found entity 8: condcheck File: C:/Users/Agustin/Desktop/Prueba/arm.sv Line: 181
    Info (12023): Found entity 9: datapath File: C:/Users/Agustin/Desktop/Prueba/arm.sv Line: 211
    Info (12023): Found entity 10: regfile File: C:/Users/Agustin/Desktop/Prueba/arm.sv Line: 250
    Info (12023): Found entity 11: extend File: C:/Users/Agustin/Desktop/Prueba/arm.sv Line: 270
    Info (12023): Found entity 12: alu File: C:/Users/Agustin/Desktop/Prueba/arm.sv Line: 286
    Info (12023): Found entity 13: adder File: C:/Users/Agustin/Desktop/Prueba/arm.sv Line: 314
    Info (12023): Found entity 14: flopenr File: C:/Users/Agustin/Desktop/Prueba/arm.sv Line: 321
    Info (12023): Found entity 15: flopr File: C:/Users/Agustin/Desktop/Prueba/arm.sv Line: 331
    Info (12023): Found entity 16: mux2 File: C:/Users/Agustin/Desktop/Prueba/arm.sv Line: 341
    Info (12023): Found entity 17: cmp2 File: C:/Users/Agustin/Desktop/Prueba/arm.sv Line: 349
    Info (12023): Found entity 18: port File: C:/Users/Agustin/Desktop/Prueba/arm.sv Line: 356
Info (12127): Elaborating entity "arm" for the top level hierarchy
Info (12128): Elaborating entity "controller" for hierarchy "controller:c" File: C:/Users/Agustin/Desktop/Prueba/arm.sv Line: 69
Info (12128): Elaborating entity "decode" for hierarchy "controller:c|decode:dec" File: C:/Users/Agustin/Desktop/Prueba/arm.sv Line: 94
Info (12128): Elaborating entity "condlogic" for hierarchy "controller:c|condlogic:cl" File: C:/Users/Agustin/Desktop/Prueba/arm.sv Line: 97
Info (12128): Elaborating entity "flopenr" for hierarchy "controller:c|condlogic:cl|flopenr:flagreg1" File: C:/Users/Agustin/Desktop/Prueba/arm.sv Line: 169
Info (12128): Elaborating entity "condcheck" for hierarchy "controller:c|condlogic:cl|condcheck:cc" File: C:/Users/Agustin/Desktop/Prueba/arm.sv Line: 174
Info (12128): Elaborating entity "datapath" for hierarchy "datapath:dp" File: C:/Users/Agustin/Desktop/Prueba/arm.sv Line: 75
Info (12128): Elaborating entity "mux2" for hierarchy "datapath:dp|mux2:pcmux" File: C:/Users/Agustin/Desktop/Prueba/arm.sv Line: 230
Info (12128): Elaborating entity "flopr" for hierarchy "datapath:dp|flopr:pcreg" File: C:/Users/Agustin/Desktop/Prueba/arm.sv Line: 231
Info (12128): Elaborating entity "adder" for hierarchy "datapath:dp|adder:pcadd1" File: C:/Users/Agustin/Desktop/Prueba/arm.sv Line: 232
Info (12128): Elaborating entity "mux2" for hierarchy "datapath:dp|mux2:ra1mux" File: C:/Users/Agustin/Desktop/Prueba/arm.sv Line: 236
Info (12128): Elaborating entity "regfile" for hierarchy "datapath:dp|regfile:rf" File: C:/Users/Agustin/Desktop/Prueba/arm.sv Line: 240
Info (12128): Elaborating entity "extend" for hierarchy "datapath:dp|extend:ext" File: C:/Users/Agustin/Desktop/Prueba/arm.sv Line: 242
Info (12128): Elaborating entity "alu" for hierarchy "datapath:dp|alu:alu" File: C:/Users/Agustin/Desktop/Prueba/arm.sv Line: 247
Info (276014): Found 1 instances of uninferred RAM logic
    Info (276007): RAM logic "datapath:dp|regfile:rf|rf" is uninferred due to asynchronous read logic File: C:/Users/Agustin/Desktop/Prueba/arm.sv Line: 256
Info (286030): Timing-Driven Synthesis is running
Info (144001): Generated suppressed messages file C:/Users/Agustin/Desktop/Prueba/output_files/arm.map.smsg
Info (16010): Generating hard_block partition "hard_block:auto_generated_inst"
    Info (16011): Adding 0 node(s), including 0 DDIO, 0 PLL, 0 transceiver and 0 LCELL
Info (21057): Implemented 1757 device resources after synthesis - the final resource count might be different
    Info (21058): Implemented 66 input pins
    Info (21059): Implemented 98 output pins
    Info (21061): Implemented 1593 logic cells
Info: Quartus Prime Analysis & Synthesis was successful. 0 errors, 1 warning
    Info: Peak virtual memory: 4830 megabytes
    Info: Processing ended: Fri Oct 27 19:10:48 2023
    Info: Elapsed time: 00:00:07
    Info: Total CPU time (on all processors): 00:00:03


+------------------------------------------+
; Analysis & Synthesis Suppressed Messages ;
+------------------------------------------+
The suppressed messages can be found in C:/Users/Agustin/Desktop/Prueba/output_files/arm.map.smsg.


